<?xml version="1.0" encoding="UTF-8"?>
<!-- Generated by org.testng.reporters.JUnitReportReporter -->
<testsuite hostname="Chinnu" failures="0" tests="1" name="com.hrms.testscripts.TC001" time="96.955" errors="0" timestamp="10 May 2023 10:42:13 GMT">
  <testcase classname="com.hrms.testscripts.TC001" name="tc001" time="96.955"/>
</testsuite> <!-- com.hrms.testscripts.TC001 -->
